----- CLI crash report at 2025-09-07T09:53:26.644Z
Error Trace
FailedToFetchPackageDetails: FailedToFetchPackageDetails
    at fetchPackageDetails (/usr/local/lib/node_modules/@wix/cli-version-manager/src/package-details-reader.ts:54:11)
    at async versionNotifier (/usr/local/lib/node_modules/@wix/cli-version-manager/src/version-notifier.tsx:8:26)
    at async <anonymous> (/usr/local/lib/node_modules/@wix/cli/src/index.tsx:63:26)
caused by: FailedToWriteCache: FailedToWriteCache
    at Object.set (/usr/local/lib/node_modules/@wix/cli-fs-cache/src/index.ts:75:13)
    at async fetchPackageDetails (/usr/local/lib/node_modules/@wix/cli-version-manager/src/package-details-reader.ts:49:7)
    at async versionNotifier (/usr/local/lib/node_modules/@wix/cli-version-manager/src/version-notifier.tsx:8:26)
    at async <anonymous> (/usr/local/lib/node_modules/@wix/cli/src/index.tsx:63:26)
caused by: FailedToWriteJson: FailedToWriteJson
    at writeJson (/usr/local/lib/node_modules/@wix/cli-fs/src/index.ts:29:11)
    at async Object.set (/usr/local/lib/node_modules/@wix/cli-fs-cache/src/index.ts:69:7)
    at async fetchPackageDetails (/usr/local/lib/node_modules/@wix/cli-version-manager/src/package-details-reader.ts:49:7)
    at async versionNotifier (/usr/local/lib/node_modules/@wix/cli-version-manager/src/version-notifier.tsx:8:26)
    at async <anonymous> (/usr/local/lib/node_modules/@wix/cli/src/index.tsx:63:26)
caused by: Error: EACCES: permission denied, open '/usr/local/lib/node_modules/@wix/cli/version.cache.json'
    at async open (node:internal/fs/promises:639:25)
    at async writeFile (node:internal/fs/promises:1213:14)
    at async writeJson (/usr/local/lib/node_modules/@wix/cli-fs/src/index.ts:27:5)
    at async Object.set (/usr/local/lib/node_modules/@wix/cli-fs-cache/src/index.ts:69:7)
    at async fetchPackageDetails (/usr/local/lib/node_modules/@wix/cli-version-manager/src/package-details-reader.ts:49:7)
    at async versionNotifier (/usr/local/lib/node_modules/@wix/cli-version-manager/src/version-notifier.tsx:8:26)
    at async <anonymous> (/usr/local/lib/node_modules/@wix/cli/src/index.tsx:63:26)
Error Info
{}
----- CLI crash report at 2025-09-07T09:53:26.692Z
Error Trace
FailedToIdentifyProgramFlow: FailedToIdentifyProgramFlow
    at _Command.<anonymous> (/usr/local/lib/node_modules/@wix/cli/src/program.ts:76:15)
    at _Command.emit (node:events:518:28)
    at _Command._parseCommand (/usr/local/lib/node_modules/node_modules/commander/lib/command.js:1607:14)
    at _Command.parseAsync (/usr/local/lib/node_modules/node_modules/commander/lib/command.js:1104:16)
    at <anonymous> (/usr/local/lib/node_modules/@wix/cli/src/index.tsx:88:39)
Error Info
{}
